<?xml version="1.0" encoding="UTF-8"?>
<testng-results ignored="0" total="2" passed="2" failed="0" skipped="0">
  <reporter-output>
  </reporter-output>
  <suite started-at="2020-03-04T12:39:17 IST" name="Default suite" finished-at="2020-03-04T12:39:17 IST" duration-ms="108">
    <groups>
    </groups>
    <test started-at="2020-03-04T12:39:17 IST" name="Default test" finished-at="2020-03-04T12:39:17 IST" duration-ms="108">
      <class name="testNGSession.TestAnnotationDependsMethodAttribute">
        <test-method signature="secondTest()[pri:0, instance:testNGSession.TestAnnotationDependsMethodAttribute@1a84f40f]" started-at="2020-03-04T12:39:17 IST" name="secondTest" finished-at="2020-03-04T12:39:17 IST" duration-ms="24" status="PASS">
          <reporter-output>
          </reporter-output>
        </test-method> <!-- secondTest -->
        <test-method signature="firstTest()[pri:0, instance:testNGSession.TestAnnotationDependsMethodAttribute@1a84f40f]" started-at="2020-03-04T12:39:17 IST" name="firstTest" finished-at="2020-03-04T12:39:17 IST" depends-on-methods="testNGSession.TestAnnotationDependsMethodAttribute.secondTest" duration-ms="4" status="PASS">
          <reporter-output>
          </reporter-output>
        </test-method> <!-- firstTest -->
      </class> <!-- testNGSession.TestAnnotationDependsMethodAttribute -->
    </test> <!-- Default test -->
  </suite> <!-- Default suite -->
</testng-results>
