<?xml version="1.0" encoding="UTF-8"?>
<testng-results ignored="0" total="6" passed="6" failed="0" skipped="0">
  <reporter-output>
  </reporter-output>
  <suite started-at="2020-03-05T13:09:43 IST" name="Default suite" finished-at="2020-03-05T13:09:43 IST" duration-ms="77">
    <groups>
    </groups>
    <test started-at="2020-03-05T13:09:43 IST" name="Default test" finished-at="2020-03-05T13:09:43 IST" duration-ms="77">
      <class name="testNGSession.TestAnnotation">
        <test-method signature="fifthTest()[pri:0, instance:testNGSession.TestAnnotation@3ee0fea4]" started-at="2020-03-05T13:09:43 IST" name="fifthTest" finished-at="2020-03-05T13:09:43 IST" duration-ms="15" status="PASS">
          <reporter-output>
          </reporter-output>
        </test-method> <!-- fifthTest -->
        <test-method signature="firstTest()[pri:0, instance:testNGSession.TestAnnotation@3ee0fea4]" started-at="2020-03-05T13:09:43 IST" name="firstTest" finished-at="2020-03-05T13:09:43 IST" duration-ms="2" status="PASS">
          <reporter-output>
          </reporter-output>
        </test-method> <!-- firstTest -->
        <test-method signature="fourthTest()[pri:0, instance:testNGSession.TestAnnotation@3ee0fea4]" started-at="2020-03-05T13:09:43 IST" name="fourthTest" finished-at="2020-03-05T13:09:43 IST" duration-ms="2" status="PASS">
          <reporter-output>
          </reporter-output>
        </test-method> <!-- fourthTest -->
        <test-method signature="secondTest()[pri:0, instance:testNGSession.TestAnnotation@3ee0fea4]" started-at="2020-03-05T13:09:43 IST" name="secondTest" finished-at="2020-03-05T13:09:43 IST" duration-ms="1" status="PASS">
          <reporter-output>
          </reporter-output>
        </test-method> <!-- secondTest -->
        <test-method signature="sixthTest()[pri:0, instance:testNGSession.TestAnnotation@3ee0fea4]" started-at="2020-03-05T13:09:43 IST" name="sixthTest" finished-at="2020-03-05T13:09:43 IST" duration-ms="2" status="PASS">
          <reporter-output>
          </reporter-output>
        </test-method> <!-- sixthTest -->
        <test-method signature="thirdTest()[pri:0, instance:testNGSession.TestAnnotation@3ee0fea4]" started-at="2020-03-05T13:09:43 IST" name="thirdTest" finished-at="2020-03-05T13:09:43 IST" duration-ms="1" status="PASS">
          <reporter-output>
          </reporter-output>
        </test-method> <!-- thirdTest -->
      </class> <!-- testNGSession.TestAnnotation -->
    </test> <!-- Default test -->
  </suite> <!-- Default suite -->
</testng-results>
