<?xml version="1.0" encoding="UTF-8"?>
<!-- Generated by org.testng.reporters.JUnitXMLReporter -->
<testsuite ignored="0" hostname="IN5CG9292KMD" failures="0" tests="6" name="Default test" time="0.077" errors="0" timestamp="2020-03-05T13:09:43 IST">
  <testcase classname="testNGSession.TestAnnotation" name="fifthTest" time="0.015"/>
  <testcase classname="testNGSession.TestAnnotation" name="firstTest" time="0.002"/>
  <testcase classname="testNGSession.TestAnnotation" name="fourthTest" time="0.002"/>
  <testcase classname="testNGSession.TestAnnotation" name="secondTest" time="0.001"/>
  <testcase classname="testNGSession.TestAnnotation" name="sixthTest" time="0.002"/>
  <testcase classname="testNGSession.TestAnnotation" name="thirdTest" time="0.001"/>
</testsuite> <!-- Default test -->
